This is pdfTeX, Version 3.14159265-2.6-1.40.21 (MiKTeX 20.12) (preloaded format=pdflatex 2021.1.8)  8 APR 2021 09:08
entering extended mode
**./syntax.tex
(syntax.tex
LaTeX2e <2020-10-01> patch level 2
L3 programming layer <2020-12-07> xparse <2020-03-03>
(C:\Andy\MikTex2.9.6610\tex/latex/base\article.cls
Document Class: article 2020/04/10 v1.4m Standard LaTeX document class
(C:\Andy\MikTex2.9.6610\tex/latex/base\size10.clo
File: size10.clo 2020/04/10 v1.4m Standard LaTeX file (size option)
)
\c@part=\count177
\c@section=\count178
\c@subsection=\count179
\c@subsubsection=\count180
\c@paragraph=\count181
\c@subparagraph=\count182
\c@figure=\count183
\c@table=\count184
\abovecaptionskip=\skip47
\belowcaptionskip=\skip48
\bibindent=\dimen138
)
(C:\Andy\MikTex2.9.6610\tex/latex/amsmath\amsmath.sty
Package: amsmath 2020/09/23 v2.17i AMS math features
\@mathmargin=\skip49

For additional information on amsmath, use the `?' option.
(C:\Andy\MikTex2.9.6610\tex/latex/amsmath\amstext.sty
Package: amstext 2000/06/29 v2.01 AMS text

(C:\Andy\MikTex2.9.6610\tex/latex/amsmath\amsgen.sty
File: amsgen.sty 1999/11/30 v2.0 generic functions
\@emptytoks=\toks15
\ex@=\dimen139
))
(C:\Andy\MikTex2.9.6610\tex/latex/amsmath\amsbsy.sty
Package: amsbsy 1999/11/29 v1.2d Bold Symbols
\pmbraise@=\dimen140
)
(C:\Andy\MikTex2.9.6610\tex/latex/amsmath\amsopn.sty
Package: amsopn 2016/03/08 v2.02 operator names
)
\inf@bad=\count185
LaTeX Info: Redefining \frac on input line 234.
\uproot@=\count186
\leftroot@=\count187
LaTeX Info: Redefining \overline on input line 399.
\classnum@=\count188
\DOTSCASE@=\count189
LaTeX Info: Redefining \ldots on input line 496.
LaTeX Info: Redefining \dots on input line 499.
LaTeX Info: Redefining \cdots on input line 620.
\Mathstrutbox@=\box47
\strutbox@=\box48
\big@size=\dimen141
LaTeX Font Info:    Redeclaring font encoding OML on input line 743.
LaTeX Font Info:    Redeclaring font encoding OMS on input line 744.
\macc@depth=\count190
\c@MaxMatrixCols=\count191
\dotsspace@=\muskip16
\c@parentequation=\count192
\dspbrk@lvl=\count193
\tag@help=\toks16
\row@=\count194
\column@=\count195
\maxfields@=\count196
\andhelp@=\toks17
\eqnshift@=\dimen142
\alignsep@=\dimen143
\tagshift@=\dimen144
\tagwidth@=\dimen145
\totwidth@=\dimen146
\lineht@=\dimen147
\@envbody=\toks18
\multlinegap=\skip50
\multlinetaggap=\skip51
\mathdisplay@stack=\toks19
LaTeX Info: Redefining \[ on input line 2923.
LaTeX Info: Redefining \] on input line 2924.
)
(C:\Andy\MikTex2.9.6610\tex/latex/amsfonts\amssymb.sty
Package: amssymb 2013/01/14 v3.01 AMS font symbols

(C:\Andy\MikTex2.9.6610\tex/latex/amsfonts\amsfonts.sty
Package: amsfonts 2013/01/14 v3.01 Basic AMSFonts support
\symAMSa=\mathgroup4
\symAMSb=\mathgroup5
LaTeX Font Info:    Redeclaring math symbol \hbar on input line 98.
LaTeX Font Info:    Overwriting math alphabet `\mathfrak' in version `bold'
(Font)                  U/euf/m/n --> U/euf/b/n on input line 106.
))
(C:\Andy\MikTex2.9.6610\tex/latex/jknappen\mathrsfs.sty
Package: mathrsfs 1996/01/01 Math RSFS package v1.0 (jk)
\symrsfs=\mathgroup6
)
(C:\Andy\MikTex2.9.6610\tex/latex/ieeetrantools\IEEEtrantools.sty
Package: IEEEtrantools 2015/08/26 V1.5 by Michael Shell

-- See the "IEEEtrantools_doc.txt" manual for usage information.
-- http://www.michaelshell.org/tex/ieeetran/tools/
\@IEEEtrantmpdimenA=\dimen148
\@IEEEtrantmpdimenB=\dimen149
\@IEEEtrantmpdimenC=\dimen150
\@IEEEtrantmpcountA=\count197
\@IEEEtrantmpcountB=\count198
\@IEEEtrantmpcountC=\count199
\@IEEEtrantmptoksA=\toks20
\IEEEnormaljot=\dimen151
\IEEEquantizedlength=\dimen152
\IEEEquantizedlengthdiff=\dimen153
\IEEEquantizedtextheightdiff=\dimen154
\IEEEilabelindentA=\dimen155
\IEEEilabelindentB=\dimen156
\IEEEilabelindent=\dimen157
\IEEEelabelindent=\dimen158
\IEEEdlabelindent=\dimen159
\IEEElabelindent=\dimen160
\IEEEiednormlabelsep=\dimen161
\IEEEiedmathlabelsep=\dimen162
\IEEEiedtopsep=\skip52
\c@IEEEsubequation=\count266
\@IEEEeqnnumcols=\count267
\@IEEEeqncolcnt=\count268
\@IEEEsubeqnnumrollback=\count269
\IEEEPARstartletwidth=\dimen163
) (C:\Andy\MikTex2.9.6610\tex/latex/xcolor\xcolor.sty
Package: xcolor 2016/05/11 v2.12 LaTeX color extensions (UK)

(C:\Andy\MikTex2.9.6610\tex/latex/graphics-cfg\color.cfg
File: color.cfg 2016/01/02 v1.6 sample color configuration
)
Package xcolor Info: Driver file: pdftex.def on input line 225.

(C:\Andy\MikTex2.9.6610\tex/latex/graphics-def\pdftex.def
File: pdftex.def 2020/10/05 v1.2a Graphics/color driver for pdftex
)
Package xcolor Info: Model `cmy' substituted by `cmy0' on input line 1348.
Package xcolor Info: Model `hsb' substituted by `rgb' on input line 1352.
Package xcolor Info: Model `RGB' extended on input line 1364.
Package xcolor Info: Model `HTML' substituted by `rgb' on input line 1366.
Package xcolor Info: Model `Hsb' substituted by `hsb' on input line 1367.
Package xcolor Info: Model `tHsb' substituted by `hsb' on input line 1368.
Package xcolor Info: Model `HSB' substituted by `hsb' on input line 1369.
Package xcolor Info: Model `Gray' substituted by `gray' on input line 1370.
Package xcolor Info: Model `wave' substituted by `hsb' on input line 1371.
)
(C:\Andy\MikTex2.9.6610\tex/latex/tools\verbatim.sty
Package: verbatim 2019/11/10 v1.5r LaTeX2e package for verbatim enhancements
\every@verbatim=\toks21
\verbatim@line=\toks22
\verbatim@in@stream=\read2
)
(C:\Andy\MikTex2.9.6610\tex/latex/l3backend\l3backend-pdftex.def
File: l3backend-pdftex.def 2020-09-24 L3 backend support: PDF output (pdfTeX)
\l__kernel_color_stack_int=\count270
\l__pdf_internal_box=\box49
) (syntax.aux
(Maths_Individual_Symbols.aux) (Playing.aux))
\openout1 = `syntax.aux'.

LaTeX Font Info:    Checking defaults for OML/cmm/m/it on input line 18.
LaTeX Font Info:    ... okay on input line 18.
LaTeX Font Info:    Checking defaults for OMS/cmsy/m/n on input line 18.
LaTeX Font Info:    ... okay on input line 18.
LaTeX Font Info:    Checking defaults for OT1/cmr/m/n on input line 18.
LaTeX Font Info:    ... okay on input line 18.
LaTeX Font Info:    Checking defaults for T1/cmr/m/n on input line 18.
LaTeX Font Info:    ... okay on input line 18.
LaTeX Font Info:    Checking defaults for TS1/cmr/m/n on input line 18.
LaTeX Font Info:    ... okay on input line 18.
LaTeX Font Info:    Checking defaults for OMX/cmex/m/n on input line 18.
LaTeX Font Info:    ... okay on input line 18.
LaTeX Font Info:    Checking defaults for U/cmr/m/n on input line 18.
LaTeX Font Info:    ... okay on input line 18.

(C:\Andy\MikTex2.9.6610\tex/context/base/mkii\supp-pdf.mkii
[Loading MPS to PDF converter (version 2006.09.02).]
\scratchcounter=\count271
\scratchdimen=\dimen164
\scratchbox=\box50
\nofMPsegments=\count272
\nofMParguments=\count273
\everyMPshowfont=\toks23
\MPscratchCnt=\count274
\MPscratchDim=\dimen165
\MPnumerator=\count275
\makeMPintoPDFobject=\count276
\everyMPtoPDFconversion=\toks24
)
LaTeX Font Info:    Trying to load font information for U+msa on input line 19.

 (C:\Andy\MikTex2.9.6610\tex/latex/amsfonts\umsa.fd
File: umsa.fd 2013/01/14 v3.01 AMS symbols A
)
LaTeX Font Info:    Trying to load font information for U+msb on input line 19.


(C:\Andy\MikTex2.9.6610\tex/latex/amsfonts\umsb.fd
File: umsb.fd 2013/01/14 v3.01 AMS symbols B
)
LaTeX Font Info:    Trying to load font information for U+rsfs on input line 19
.

(C:\Andy\MikTex2.9.6610\tex/latex/jknappen\ursfs.fd
File: ursfs.fd 1998/03/24 rsfs font definition file (jk)
) (syntax.toc)
\tf@toc=\write3
\openout3 = `syntax.toc'.

 [1

{C:/Users/mitchella3/AppData/Local/MiKTeX/pdftex/config/pdftex.map}]
\openout2 = `Maths_Individual_Symbols.aux'.


(Maths_Individual_Symbols.tex) [2

]
\openout2 = `Playing.aux'.

 (Playing.tex
Overfull \hbox (87.92923pt too wide) detected at line 9
\U/msa/m/n/10 ) \OT1/cmr/bx/n/10 P\OT1/cmr/m/n/10 ([]) = \OT1/cmr/bx/n/10 P\OT1
/cmr/m/n/10 (\OML/cmm/m/it/10 B[]\OT1/cmr/m/n/10 )\OML/cmm/m/it/10 e[] \OT1/cmr
/m/n/10 + \OT1/cmr/bx/n/10 P\OT1/cmr/m/n/10 (\OML/cmm/m/it/10 B[]\OT1/cmr/m/n/1
0 )\OT1/cmr/bx/n/10 P\OT1/cmr/m/n/10 (\OML/cmm/m/it/10 B[]\OT1/cmr/m/n/10 )\OML
/cmm/m/it/10 e[] \OT1/cmr/m/n/10 + \OT1/cmr/bx/n/10 P\OT1/cmr/m/n/10 (\OML/cmm/
m/it/10 B[]\OT1/cmr/m/n/10 )\OT1/cmr/bx/n/10 P\OT1/cmr/m/n/10 (\OML/cmm/m/it/10
 B[]\OT1/cmr/m/n/10 )\OML/cmm/m/it/10 e[] \OT1/cmr/m/n/10 = [](2\OML/cmm/m/it/1
0 e[] \OT1/cmr/m/n/10 + \OML/cmm/m/it/10 e[] \OT1/cmr/m/n/10 + \OML/cmm/m/it/10
 e[]\OT1/cmr/m/n/10 )
 []

) [3



] (syntax.aux (Maths_Individual_Symbols.aux) (Playing.aux)) ) 
Here is how much of TeX's memory you used:
 3015 strings out of 479697
 41866 string characters out of 2877503
 322637 words of memory out of 3000000
 20089 multiletter control sequences out of 15000+200000
 412762 words of font info for 66 fonts, out of 3000000 for 9000
 1141 hyphenation exceptions out of 8191
 65i,9n,72p,224b,278s stack positions out of 5000i,500n,10000p,200000b,50000s
<C:/Andy/MikTex2.9
.6610/fonts/type1/public/amsfonts/cm/cmbx10.pfb><C:/Andy/MikTex2.9.6610/fonts/t
ype1/public/amsfonts/cm/cmbx12.pfb><C:/Andy/MikTex2.9.6610/fonts/type1/public/a
msfonts/cm/cmmi10.pfb><C:/Andy/MikTex2.9.6610/fonts/type1/public/amsfonts/cm/cm
mi7.pfb><C:/Andy/MikTex2.9.6610/fonts/type1/public/amsfonts/cm/cmr10.pfb><C:/An
dy/MikTex2.9.6610/fonts/type1/public/amsfonts/cm/cmr12.pfb><C:/Andy/MikTex2.9.6
610/fonts/type1/public/amsfonts/cm/cmr17.pfb><C:/Andy/MikTex2.9.6610/fonts/type
1/public/amsfonts/cm/cmr7.pfb><C:/Andy/MikTex2.9.6610/fonts/type1/public/amsfon
ts/cm/cmsy10.pfb><C:/Andy/MikTex2.9.6610/fonts/type1/public/amsfonts/cm/cmsy7.p
fb><C:/Andy/MikTex2.9.6610/fonts/type1/public/amsfonts/cm/cmtt10.pfb><C:/Andy/M
ikTex2.9.6610/fonts/type1/public/amsfonts/symbols/msam10.pfb>
Output written on syntax.pdf (3 pages, 130611 bytes).
PDF statistics:
 60 PDF objects out of 1000 (max. 8388607)
 0 named destinations out of 1000 (max. 500000)
 1 words of extra memory for PDF output out of 10000 (max. 10000000)

