This is pdfTeX, Version 3.14159265-2.6-1.40.21 (MiKTeX 20.12) (preloaded format=pdflatex 2021.1.8)  18 OCT 2021 12:21
entering extended mode
**./Main_probability.tex
(Main_probability.tex
LaTeX2e <2020-10-01> patch level 2
L3 programming layer <2020-12-07> xparse <2020-03-03>
(C:\Andy\MikTex2.9.6610\tex/latex/base\article.cls
Document Class: article 2020/04/10 v1.4m Standard LaTeX document class
(C:\Andy\MikTex2.9.6610\tex/latex/base\size10.clo
File: size10.clo 2020/04/10 v1.4m Standard LaTeX file (size option)
)
\c@part=\count177
\c@section=\count178
\c@subsection=\count179
\c@subsubsection=\count180
\c@paragraph=\count181
\c@subparagraph=\count182
\c@figure=\count183
\c@table=\count184
\abovecaptionskip=\skip47
\belowcaptionskip=\skip48
\bibindent=\dimen138
)
(C:\Andy\MikTex2.9.6610\tex/latex/amsmath\amsmath.sty
Package: amsmath 2020/09/23 v2.17i AMS math features
\@mathmargin=\skip49

For additional information on amsmath, use the `?' option.
(C:\Andy\MikTex2.9.6610\tex/latex/amsmath\amstext.sty
Package: amstext 2000/06/29 v2.01 AMS text

(C:\Andy\MikTex2.9.6610\tex/latex/amsmath\amsgen.sty
File: amsgen.sty 1999/11/30 v2.0 generic functions
\@emptytoks=\toks15
\ex@=\dimen139
))
(C:\Andy\MikTex2.9.6610\tex/latex/amsmath\amsbsy.sty
Package: amsbsy 1999/11/29 v1.2d Bold Symbols
\pmbraise@=\dimen140
)
(C:\Andy\MikTex2.9.6610\tex/latex/amsmath\amsopn.sty
Package: amsopn 2016/03/08 v2.02 operator names
)
\inf@bad=\count185
LaTeX Info: Redefining \frac on input line 234.
\uproot@=\count186
\leftroot@=\count187
LaTeX Info: Redefining \overline on input line 399.
\classnum@=\count188
\DOTSCASE@=\count189
LaTeX Info: Redefining \ldots on input line 496.
LaTeX Info: Redefining \dots on input line 499.
LaTeX Info: Redefining \cdots on input line 620.
\Mathstrutbox@=\box47
\strutbox@=\box48
\big@size=\dimen141
LaTeX Font Info:    Redeclaring font encoding OML on input line 743.
LaTeX Font Info:    Redeclaring font encoding OMS on input line 744.
\macc@depth=\count190
\c@MaxMatrixCols=\count191
\dotsspace@=\muskip16
\c@parentequation=\count192
\dspbrk@lvl=\count193
\tag@help=\toks16
\row@=\count194
\column@=\count195
\maxfields@=\count196
\andhelp@=\toks17
\eqnshift@=\dimen142
\alignsep@=\dimen143
\tagshift@=\dimen144
\tagwidth@=\dimen145
\totwidth@=\dimen146
\lineht@=\dimen147
\@envbody=\toks18
\multlinegap=\skip50
\multlinetaggap=\skip51
\mathdisplay@stack=\toks19
LaTeX Info: Redefining \[ on input line 2923.
LaTeX Info: Redefining \] on input line 2924.
)
(C:\Andy\MikTex2.9.6610\tex/latex/amsfonts\amssymb.sty
Package: amssymb 2013/01/14 v3.01 AMS font symbols

(C:\Andy\MikTex2.9.6610\tex/latex/amsfonts\amsfonts.sty
Package: amsfonts 2013/01/14 v3.01 Basic AMSFonts support
\symAMSa=\mathgroup4
\symAMSb=\mathgroup5
LaTeX Font Info:    Redeclaring math symbol \hbar on input line 98.
LaTeX Font Info:    Overwriting math alphabet `\mathfrak' in version `bold'
(Font)                  U/euf/m/n --> U/euf/b/n on input line 106.
))
(C:\Andy\MikTex2.9.6610\tex/latex/jknappen\mathrsfs.sty
Package: mathrsfs 1996/01/01 Math RSFS package v1.0 (jk)
\symrsfs=\mathgroup6
)
(C:\Andy\MikTex2.9.6610\tex/latex/ieeetrantools\IEEEtrantools.sty
Package: IEEEtrantools 2015/08/26 V1.5 by Michael Shell

-- See the "IEEEtrantools_doc.txt" manual for usage information.
-- http://www.michaelshell.org/tex/ieeetran/tools/
\@IEEEtrantmpdimenA=\dimen148
\@IEEEtrantmpdimenB=\dimen149
\@IEEEtrantmpdimenC=\dimen150
\@IEEEtrantmpcountA=\count197
\@IEEEtrantmpcountB=\count198
\@IEEEtrantmpcountC=\count199
\@IEEEtrantmptoksA=\toks20
\IEEEnormaljot=\dimen151
\IEEEquantizedlength=\dimen152
\IEEEquantizedlengthdiff=\dimen153
\IEEEquantizedtextheightdiff=\dimen154
\IEEEilabelindentA=\dimen155
\IEEEilabelindentB=\dimen156
\IEEEilabelindent=\dimen157
\IEEEelabelindent=\dimen158
\IEEEdlabelindent=\dimen159
\IEEElabelindent=\dimen160
\IEEEiednormlabelsep=\dimen161
\IEEEiedmathlabelsep=\dimen162
\IEEEiedtopsep=\skip52
\c@IEEEsubequation=\count266
\@IEEEeqnnumcols=\count267
\@IEEEeqncolcnt=\count268
\@IEEEsubeqnnumrollback=\count269
\IEEEPARstartletwidth=\dimen163
) (C:\Andy\MikTex2.9.6610\tex/latex/tools\enumerate.sty
Package: enumerate 2015/07/23 v3.00 enumerate extensions (DPC)
\@enLab=\toks21
)
(C:\Andy\MikTex2.9.6610\tex/latex/xcolor\xcolor.sty
Package: xcolor 2016/05/11 v2.12 LaTeX color extensions (UK)

(C:\Andy\MikTex2.9.6610\tex/latex/graphics-cfg\color.cfg
File: color.cfg 2016/01/02 v1.6 sample color configuration
)
Package xcolor Info: Driver file: pdftex.def on input line 225.

(C:\Andy\MikTex2.9.6610\tex/latex/graphics-def\pdftex.def
File: pdftex.def 2020/10/05 v1.2a Graphics/color driver for pdftex
)
(C:\Andy\MikTex2.9.6610\tex/latex/colortbl\colortbl.sty
Package: colortbl 2020/01/04 v1.0e Color table columns (DPC)

(C:\Andy\MikTex2.9.6610\tex/latex/tools\array.sty
Package: array 2019/08/31 v2.4l Tabular extension package (FMi)
\col@sep=\dimen164
\ar@mcellbox=\box49
\extrarowheight=\dimen165
\NC@list=\toks22
\extratabsurround=\skip53
\backup@length=\skip54
\ar@cellbox=\box50
)
\everycr=\toks23
\minrowclearance=\skip55
)
\rownum=\count270
Package xcolor Info: Model `cmy' substituted by `cmy0' on input line 1348.
Package xcolor Info: Model `hsb' substituted by `rgb' on input line 1352.
Package xcolor Info: Model `RGB' extended on input line 1364.
Package xcolor Info: Model `HTML' substituted by `rgb' on input line 1366.
Package xcolor Info: Model `Hsb' substituted by `hsb' on input line 1367.
Package xcolor Info: Model `tHsb' substituted by `hsb' on input line 1368.
Package xcolor Info: Model `HSB' substituted by `hsb' on input line 1369.
Package xcolor Info: Model `Gray' substituted by `gray' on input line 1370.
Package xcolor Info: Model `wave' substituted by `hsb' on input line 1371.
)
(C:\Andy\MikTex2.9.6610\tex/latex/tools\longtable.sty
Package: longtable 2020/01/07 v4.13 Multi-page Table package (DPC)
\LTleft=\skip56
\LTright=\skip57
\LTpre=\skip58
\LTpost=\skip59
\LTchunksize=\count271
\LTcapwidth=\dimen166
\LT@head=\box51
\LT@firsthead=\box52
\LT@foot=\box53
\LT@lastfoot=\box54
\LT@cols=\count272
\LT@rows=\count273
\c@LT@tables=\count274
\c@LT@chunks=\count275
\LT@p@ftn=\toks24
)
(C:\Andy\MikTex2.9.6610\tex/latex/l3backend\l3backend-pdftex.def
File: l3backend-pdftex.def 2020-09-24 L3 backend support: PDF output (pdfTeX)
\l__kernel_color_stack_int=\count276
\l__pdf_internal_box=\box55
)
(Main_probability.aux (Formulae1.aux) (Quick_guide_to_recurrence_relations.aux)
(Grimmet_and_Welsh_Chapter1_Exercise_11.aux)
(Grimmet_and_Welsh_Chapter1_Problem_1.aux)
(Grimmet_and_Welsh_Chapter1_Exercise_27.aux)
(Grimmet_and_Welsh_Chapter1_Problem_5.aux)
(Grimmet_and_Welsh_Chapter1_Problem_6.aux)
(Grimmet_and_Welsh_Chapter1_Problem_7.aux)
(Grimmet_and_Welsh_Chapter1_Problem_12.aux)
(Grimmet_and_Welsh_Chapter1_Problem_13.aux)
(Grimmet_and_Welsh_Chapter1_Problem_14.aux)
(Grimmet_and_Welsh_Chapter1_Problem_15.aux) (Runs_of_either_heads_or_tails.aux)
)
\openout1 = `Main_probability.aux'.

LaTeX Font Info:    Checking defaults for OML/cmm/m/it on input line 20.
LaTeX Font Info:    ... okay on input line 20.
LaTeX Font Info:    Checking defaults for OMS/cmsy/m/n on input line 20.
LaTeX Font Info:    ... okay on input line 20.
LaTeX Font Info:    Checking defaults for OT1/cmr/m/n on input line 20.
LaTeX Font Info:    ... okay on input line 20.
LaTeX Font Info:    Checking defaults for T1/cmr/m/n on input line 20.
LaTeX Font Info:    ... okay on input line 20.
LaTeX Font Info:    Checking defaults for TS1/cmr/m/n on input line 20.
LaTeX Font Info:    ... okay on input line 20.
LaTeX Font Info:    Checking defaults for OMX/cmex/m/n on input line 20.
LaTeX Font Info:    ... okay on input line 20.
LaTeX Font Info:    Checking defaults for U/cmr/m/n on input line 20.
LaTeX Font Info:    ... okay on input line 20.
 (C:\Andy\MikTex2.9.6610\tex/context/base/mkii\supp-pdf.mkii
[Loading MPS to PDF converter (version 2006.09.02).]
\scratchcounter=\count277
\scratchdimen=\dimen167
\scratchbox=\box56
\nofMPsegments=\count278
\nofMParguments=\count279
\everyMPshowfont=\toks25
\MPscratchCnt=\count280
\MPscratchDim=\dimen168
\MPnumerator=\count281
\makeMPintoPDFobject=\count282
\everyMPtoPDFconversion=\toks26
)
LaTeX Font Info:    Trying to load font information for U+msa on input line 21.

 (C:\Andy\MikTex2.9.6610\tex/latex/amsfonts\umsa.fd
File: umsa.fd 2013/01/14 v3.01 AMS symbols A
)
LaTeX Font Info:    Trying to load font information for U+msb on input line 21.


(C:\Andy\MikTex2.9.6610\tex/latex/amsfonts\umsb.fd
File: umsb.fd 2013/01/14 v3.01 AMS symbols B
)
LaTeX Font Info:    Trying to load font information for U+rsfs on input line 21
.

(C:\Andy\MikTex2.9.6610\tex/latex/jknappen\ursfs.fd
File: ursfs.fd 1998/03/24 rsfs font definition file (jk)
) (Main_probability.toc
[1

{C:/Users/mitchella3/AppData/Local/MiKTeX/pdftex/config/pdftex.map}])
\tf@toc=\write3
\openout3 = `Main_probability.toc'.


[2]
\openout2 = `Formulae1.aux'.

 (Formulae1.tex) [3

]
\openout2 = `Quick_guide_to_recurrence_relations.aux'.

 (Quick_guide_to_recurrence_relations.tex [4



]) [5]
\openout2 = `Grimmet_and_Welsh_Chapter1_Exercise_11.aux'.


(Grimmet_and_Welsh_Chapter1_Exercise_11.tex) [6



]
\openout2 = `Grimmet_and_Welsh_Chapter1_Problem_1.aux'.


(Grimmet_and_Welsh_Chapter1_Problem_1.tex [7



]) [8]
\openout2 = `Grimmet_and_Welsh_Chapter1_Exercise_27.aux'.


(Grimmet_and_Welsh_Chapter1_Exercise_27.tex [9



]) [10]
\openout2 = `Grimmet_and_Welsh_Chapter1_Problem_5.aux'.


(Grimmet_and_Welsh_Chapter1_Problem_5.tex) [11



]
\openout2 = `Grimmet_and_Welsh_Chapter1_Problem_6.aux'.


(Grimmet_and_Welsh_Chapter1_Problem_6.tex) [12



]
\openout2 = `Grimmet_and_Welsh_Chapter1_Problem_7.aux'.


(Grimmet_and_Welsh_Chapter1_Problem_7.tex [13



]) [14

]
\openout2 = `Grimmet_and_Welsh_Chapter1_Problem_12.aux'.


(Grimmet_and_Welsh_Chapter1_Problem_12.tex [15



]) [16]
\openout2 = `Grimmet_and_Welsh_Chapter1_Problem_13.aux'.


(Grimmet_and_Welsh_Chapter1_Problem_13.tex) [17



]
\openout2 = `Grimmet_and_Welsh_Chapter1_Problem_14.aux'.


(Grimmet_and_Welsh_Chapter1_Problem_14.tex) [18



]
\openout2 = `Grimmet_and_Welsh_Chapter1_Problem_15.aux'.


(Grimmet_and_Welsh_Chapter1_Problem_15.tex) [19



]
\openout2 = `Runs_of_either_heads_or_tails.aux'.


(Runs_of_either_heads_or_tails.tex [20



] [21] [22] [23]) [24

]
(Main_probability.aux (Formulae1.aux) (Quick_guide_to_recurrence_relations.aux)
(Grimmet_and_Welsh_Chapter1_Exercise_11.aux)
(Grimmet_and_Welsh_Chapter1_Problem_1.aux)
(Grimmet_and_Welsh_Chapter1_Exercise_27.aux)
(Grimmet_and_Welsh_Chapter1_Problem_5.aux)
(Grimmet_and_Welsh_Chapter1_Problem_6.aux)
(Grimmet_and_Welsh_Chapter1_Problem_7.aux)
(Grimmet_and_Welsh_Chapter1_Problem_12.aux)
(Grimmet_and_Welsh_Chapter1_Problem_13.aux)
(Grimmet_and_Welsh_Chapter1_Problem_14.aux)
(Grimmet_and_Welsh_Chapter1_Problem_15.aux) (Runs_of_either_heads_or_tails.aux)
) ) 
Here is how much of TeX's memory you used:
 3340 strings out of 479697
 50303 string characters out of 2877503
 348239 words of memory out of 3000000
 20327 multiletter control sequences out of 15000+200000
 413868 words of font info for 69 fonts, out of 3000000 for 9000
 1141 hyphenation exceptions out of 8191
 66i,12n,72p,354b,376s stack positions out of 5000i,500n,10000p,200000b,50000s
<C:/Andy/MikTex2.9.6610/fonts/type1/public/amsfonts/cm/cmbx10.pfb><C:/Andy/M
ikTex2.9.6610/fonts/type1/public/amsfonts/cm/cmbx12.pfb><C:/Andy/MikTex2.9.6610
/fonts/type1/public/amsfonts/cm/cmex10.pfb><C:/Andy/MikTex2.9.6610/fonts/type1/
public/amsfonts/cm/cmmi10.pfb><C:/Andy/MikTex2.9.6610/fonts/type1/public/amsfon
ts/cm/cmmi12.pfb><C:/Andy/MikTex2.9.6610/fonts/type1/public/amsfonts/cm/cmmi5.p
fb><C:/Andy/MikTex2.9.6610/fonts/type1/public/amsfonts/cm/cmmi7.pfb><C:/Andy/Mi
kTex2.9.6610/fonts/type1/public/amsfonts/cm/cmr10.pfb><C:/Andy/MikTex2.9.6610/f
onts/type1/public/amsfonts/cm/cmr12.pfb><C:/Andy/MikTex2.9.6610/fonts/type1/pub
lic/amsfonts/cm/cmr17.pfb><C:/Andy/MikTex2.9.6610/fonts/type1/public/amsfonts/c
m/cmr5.pfb><C:/Andy/MikTex2.9.6610/fonts/type1/public/amsfonts/cm/cmr7.pfb><C:/
Andy/MikTex2.9.6610/fonts/type1/public/amsfonts/cm/cmsy10.pfb><C:/Andy/MikTex2.
9.6610/fonts/type1/public/amsfonts/cm/cmsy5.pfb><C:/Andy/MikTex2.9.6610/fonts/t
ype1/public/amsfonts/cm/cmsy7.pfb><C:/Andy/MikTex2.9.6610/fonts/type1/public/am
sfonts/cm/cmti10.pfb><C:/Andy/MikTex2.9.6610/fonts/type1/public/amsfonts/symbol
s/msam10.pfb>
Output written on Main_probability.pdf (24 pages, 284189 bytes).
PDF statistics:
 147 PDF objects out of 1000 (max. 8388607)
 0 named destinations out of 1000 (max. 500000)
 1 words of extra memory for PDF output out of 10000 (max. 10000000)

